12:27:11 [types] Generated 0ms
12:27:12 [content] Syncing content
12:27:12 [content] Astro config changed
12:27:12 [content] Clearing content store
12:27:12 [content] Synced content

 astro  v5.16.1 ready in 917 ms

┃ Local    http://localhost:4331/
┃ Network  use --host to expose

12:27:12 watching for file changes...
12:29:42 [200] /ru/ 521ms
12:30:39 [200] /ru/chapter1 102ms
12:34:42 [glob-loader] Reloaded data from ru/chapter1.mdx
12:34:42 [glob-loader] Reloaded data from ru/chapter2.mdx
12:34:42 [glob-loader] Reloaded data from ru/chapter3.mdx
12:34:42 [glob-loader] Reloaded data from ru/chapter4.mdx
12:34:42 [glob-loader] Reloaded data from ru/chapter5.mdx
12:34:42 [glob-loader] Reloaded data from ru/chapter6.mdx
12:34:42 [glob-loader] Reloaded data from ru/chapter7.mdx
12:34:42 [glob-loader] Reloaded data from ru/chapter8.mdx
12:34:42 [glob-loader] Reloaded data from ru/chapter9.mdx
12:34:42 [glob-loader] Reloaded data from ru/chapter10.mdx
12:36:54 [glob-loader] Reloaded data from ru/chapter1.mdx
12:36:54 [glob-loader] Reloaded data from ru/chapter2.mdx
12:36:54 [glob-loader] Reloaded data from ru/chapter3.mdx
12:36:54 [glob-loader] Reloaded data from ru/chapter4.mdx
12:36:54 [glob-loader] Reloaded data from ru/chapter5.mdx
12:36:54 [glob-loader] Reloaded data from ru/chapter6.mdx
12:36:54 [glob-loader] Reloaded data from ru/chapter7.mdx
12:36:54 [glob-loader] Reloaded data from ru/chapter8.mdx
12:36:54 [glob-loader] Reloaded data from ru/chapter9.mdx
12:36:54 [glob-loader] Reloaded data from ru/chapter10.mdx
12:38:50 [ERROR] [InvalidContentEntryDataError] book → ru/chapter1 data does not match collection schema.

  title**: **title: Required
  order**: **order: Required

  Hint:
    See https://docs.astro.build/en/guides/content-collections/ for more information on content schemas.
  Error reference:
    https://docs.astro.build/en/reference/errors/invalid-content-entry-data-error/
  Stack trace:
    at /home/nick/Projects/book-website/src/content/book/ru/chapter1.mdx
    [...] See full stack trace in the browser, or rerun with --verbose.
12:38:50 [ERROR] [InvalidContentEntryDataError] book → ru/chapter2 data does not match collection schema.

  title**: **title: Required
  order**: **order: Required

  Hint:
    See https://docs.astro.build/en/guides/content-collections/ for more information on content schemas.
  Error reference:
    https://docs.astro.build/en/reference/errors/invalid-content-entry-data-error/
  Stack trace:
    at /home/nick/Projects/book-website/src/content/book/ru/chapter2.mdx
    [...] See full stack trace in the browser, or rerun with --verbose.
12:38:50 [ERROR] [InvalidContentEntryDataError] book → ru/chapter3 data does not match collection schema.

  title**: **title: Required
  order**: **order: Required

  Hint:
    See https://docs.astro.build/en/guides/content-collections/ for more information on content schemas.
  Error reference:
    https://docs.astro.build/en/reference/errors/invalid-content-entry-data-error/
  Stack trace:
    at getEntryDataAndImages (file:///home/nick/Projects/book-website/node_modules/astro/dist/content/utils.js:161:26)
    [...] See full stack trace in the browser, or rerun with --verbose.
12:38:50 [ERROR] [InvalidContentEntryDataError] book → ru/chapter4 data does not match collection schema.

  title**: **title: Required
  order**: **order: Required

  Hint:
    See https://docs.astro.build/en/guides/content-collections/ for more information on content schemas.
  Error reference:
    https://docs.astro.build/en/reference/errors/invalid-content-entry-data-error/
  Stack trace:
    at /home/nick/Projects/book-website/src/content/book/ru/chapter4.mdx
    [...] See full stack trace in the browser, or rerun with --verbose.
12:38:50 [ERROR] [InvalidContentEntryDataError] book → ru/chapter5 data does not match collection schema.

  title**: **title: Required
  order**: **order: Required

  Hint:
    See https://docs.astro.build/en/guides/content-collections/ for more information on content schemas.
  Error reference:
    https://docs.astro.build/en/reference/errors/invalid-content-entry-data-error/
  Stack trace:
    at getEntryDataAndImages (file:///home/nick/Projects/book-website/node_modules/astro/dist/content/utils.js:161:26)
    [...] See full stack trace in the browser, or rerun with --verbose.
12:38:50 [ERROR] [InvalidContentEntryDataError] book → ru/chapter6 data does not match collection schema.

  title**: **title: Required
  order**: **order: Required

  Hint:
    See https://docs.astro.build/en/guides/content-collections/ for more information on content schemas.
  Error reference:
    https://docs.astro.build/en/reference/errors/invalid-content-entry-data-error/
  Stack trace:
    at /home/nick/Projects/book-website/src/content/book/ru/chapter6.mdx
    [...] See full stack trace in the browser, or rerun with --verbose.
12:38:50 [ERROR] [InvalidContentEntryDataError] book → ru/chapter7 data does not match collection schema.

  title**: **title: Required
  order**: **order: Required

  Hint:
    See https://docs.astro.build/en/guides/content-collections/ for more information on content schemas.
  Error reference:
    https://docs.astro.build/en/reference/errors/invalid-content-entry-data-error/
  Stack trace:
    at getEntryDataAndImages (file:///home/nick/Projects/book-website/node_modules/astro/dist/content/utils.js:161:26)
    [...] See full stack trace in the browser, or rerun with --verbose.
12:38:50 [ERROR] [InvalidContentEntryDataError] book → ru/chapter8 data does not match collection schema.

  title**: **title: Required
  order**: **order: Required

  Hint:
    See https://docs.astro.build/en/guides/content-collections/ for more information on content schemas.
  Error reference:
    https://docs.astro.build/en/reference/errors/invalid-content-entry-data-error/
  Stack trace:
    at /home/nick/Projects/book-website/src/content/book/ru/chapter8.mdx
    [...] See full stack trace in the browser, or rerun with --verbose.
12:38:50 [ERROR] [InvalidContentEntryDataError] book → ru/chapter9 data does not match collection schema.

  title**: **title: Required
  order**: **order: Required

  Hint:
    See https://docs.astro.build/en/guides/content-collections/ for more information on content schemas.
  Error reference:
    https://docs.astro.build/en/reference/errors/invalid-content-entry-data-error/
  Stack trace:
    at getEntryDataAndImages (file:///home/nick/Projects/book-website/node_modules/astro/dist/content/utils.js:161:26)
    [...] See full stack trace in the browser, or rerun with --verbose.
12:38:50 [ERROR] [InvalidContentEntryDataError] book → ru/chapter10 data does not match collection schema.

  title**: **title: Required
  order**: **order: Required

  Hint:
    See https://docs.astro.build/en/guides/content-collections/ for more information on content schemas.
  Error reference:
    https://docs.astro.build/en/reference/errors/invalid-content-entry-data-error/
  Stack trace:
    at /home/nick/Projects/book-website/src/content/book/ru/chapter10.mdx
    [...] See full stack trace in the browser, or rerun with --verbose.
12:41:48 [ERROR] Could not parse import/exports with acorn
  Stack trace:
    at TransformPluginContext.transform (file:///home/nick/Projects/book-website/node_modules/@astrojs/mdx/dist/vite-plugin-mdx.js:62:15)
    [...] See full stack trace in the browser, or rerun with --verbose.
  Caused by:
  Unexpected character ' '
    at pp$4.raise (file:///home/nick/Projects/book-website/node_modules/acorn/dist/acorn.mjs:3731:13)
    [...] See full stack trace in the browser, or rerun with --verbose.
12:42:38 [ERROR] Could not parse import/exports with acorn
  Stack trace:
    at /home/nick/Projects/book-website/src/content/book/ru/chapter1.mdx:7:2
    [...] See full stack trace in the browser, or rerun with --verbose.
  Caused by:
  Unexpected character ' '
    at pp$4.raise (file:///home/nick/Projects/book-website/node_modules/acorn/dist/acorn.mjs:3731:13)
    [...] See full stack trace in the browser, or rerun with --verbose.
12:43:27 [ERROR] Could not parse import/exports with acorn
  Stack trace:
    at /home/nick/Projects/book-website/src/content/book/ru/chapter1.mdx:7:2
    [...] See full stack trace in the browser, or rerun with --verbose.
  Caused by:
  Unexpected character ' '
    at pp$4.raise (file:///home/nick/Projects/book-website/node_modules/acorn/dist/acorn.mjs:3731:13)
    [...] See full stack trace in the browser, or rerun with --verbose.
12:44:00 [ERROR] Could not parse import/exports with acorn
  Stack trace:
    at /home/nick/Projects/book-website/src/content/book/ru/chapter1.mdx:7:2
    [...] See full stack trace in the browser, or rerun with --verbose.
  Caused by:
  Unexpected character ' '
    at pp$4.raise (file:///home/nick/Projects/book-website/node_modules/acorn/dist/acorn.mjs:3731:13)
    [...] See full stack trace in the browser, or rerun with --verbose.
12:46:54 [glob-loader] Reloaded data from ru/chapter1.mdx
12:52:24 [glob-loader] Reloaded data from ru/chapter2.mdx
12:52:24 [glob-loader] Reloaded data from ru/chapter3.mdx
12:52:24 [glob-loader] Reloaded data from ru/chapter4.mdx
12:52:24 [glob-loader] Reloaded data from ru/chapter5.mdx
12:52:24 [glob-loader] Reloaded data from ru/chapter6.mdx
12:52:24 [glob-loader] Reloaded data from ru/chapter7.mdx
12:52:24 [glob-loader] Reloaded data from ru/chapter9.mdx
12:52:24 [glob-loader] Reloaded data from ru/chapter8.mdx
12:52:24 [glob-loader] Reloaded data from ru/chapter10.mdx
